2014/06/20 23:08:05 [error] [exception.CHttpException.500] exception 'CHttpException' with message 'Please set a table prefix, at least '', to your db configuration for yii-user-management to work.' in A:\www\yiiuauth\protected\modules\user\controllers\YumInstallController.php:42
Stack trace:
#0 A:\libs\yii\framework\web\actions\CInlineAction.php(49): YumInstallController->actionInstall()
#1 A:\libs\yii\framework\web\CController.php(308): CInlineAction->runWithParams(Array)
#2 A:\libs\yii\framework\web\filters\CFilterChain.php(133): CController->runAction(Object(CInlineAction))
#3 A:\libs\yii\framework\web\filters\CFilter.php(40): CFilterChain->run()
#4 A:\libs\yii\framework\web\CController.php(1145): CFilter->filter(Object(CFilterChain))
#5 A:\libs\yii\framework\web\filters\CInlineFilter.php(58): CController->filterAccessControl(Object(CFilterChain))
#6 A:\libs\yii\framework\web\filters\CFilterChain.php(130): CInlineFilter->filter(Object(CFilterChain))
#7 A:\libs\yii\framework\web\CController.php(291): CFilterChain->run()
#8 A:\libs\yii\framework\web\CController.php(265): CController->runActionWithFilters(Object(CInlineAction), Array)
#9 A:\libs\yii\framework\web\CWebApplication.php(282): CController->run('')
#10 A:\libs\yii\framework\web\CWebApplication.php(141): CWebApplication->runController('user/install')
#11 A:\libs\yii\framework\base\CApplication.php(184): CWebApplication->processRequest()
#12 A:\www\yiiuauth\index.php(13): CApplication->run()
#13 {main}
REQUEST_URI=/index.php?r=user/install
HTTP_REFERER=http://yiiuauth/index.php?r=site/index
---
2014/06/20 23:08:09 [error] [exception.CHttpException.500] exception 'CHttpException' with message 'Please set a table prefix, at least '', to your db configuration for yii-user-management to work.' in A:\www\yiiuauth\protected\modules\user\controllers\YumInstallController.php:42
Stack trace:
#0 A:\libs\yii\framework\web\actions\CInlineAction.php(49): YumInstallController->actionInstall()
#1 A:\libs\yii\framework\web\CController.php(308): CInlineAction->runWithParams(Array)
#2 A:\libs\yii\framework\web\filters\CFilterChain.php(133): CController->runAction(Object(CInlineAction))
#3 A:\libs\yii\framework\web\filters\CFilter.php(40): CFilterChain->run()
#4 A:\libs\yii\framework\web\CController.php(1145): CFilter->filter(Object(CFilterChain))
#5 A:\libs\yii\framework\web\filters\CInlineFilter.php(58): CController->filterAccessControl(Object(CFilterChain))
#6 A:\libs\yii\framework\web\filters\CFilterChain.php(130): CInlineFilter->filter(Object(CFilterChain))
#7 A:\libs\yii\framework\web\CController.php(291): CFilterChain->run()
#8 A:\libs\yii\framework\web\CController.php(265): CController->runActionWithFilters(Object(CInlineAction), Array)
#9 A:\libs\yii\framework\web\CWebApplication.php(282): CController->run('')
#10 A:\libs\yii\framework\web\CWebApplication.php(141): CWebApplication->runController('user/install')
#11 A:\libs\yii\framework\base\CApplication.php(184): CWebApplication->processRequest()
#12 A:\www\yiiuauth\index.php(13): CApplication->run()
#13 {main}
REQUEST_URI=/index.php?r=user/install
HTTP_REFERER=http://yiiuauth/index.php?r=user/install
---
2014/06/20 23:08:37 [error] [exception.CHttpException.500] exception 'CHttpException' with message 'Please set a table prefix, at least '', to your db configuration for yii-user-management to work.' in A:\www\yiiuauth\protected\modules\user\controllers\YumInstallController.php:42
Stack trace:
#0 A:\libs\yii\framework\web\actions\CInlineAction.php(49): YumInstallController->actionInstall()
#1 A:\libs\yii\framework\web\CController.php(308): CInlineAction->runWithParams(Array)
#2 A:\libs\yii\framework\web\filters\CFilterChain.php(133): CController->runAction(Object(CInlineAction))
#3 A:\libs\yii\framework\web\filters\CFilter.php(40): CFilterChain->run()
#4 A:\libs\yii\framework\web\CController.php(1145): CFilter->filter(Object(CFilterChain))
#5 A:\libs\yii\framework\web\filters\CInlineFilter.php(58): CController->filterAccessControl(Object(CFilterChain))
#6 A:\libs\yii\framework\web\filters\CFilterChain.php(130): CInlineFilter->filter(Object(CFilterChain))
#7 A:\libs\yii\framework\web\CController.php(291): CFilterChain->run()
#8 A:\libs\yii\framework\web\CController.php(265): CController->runActionWithFilters(Object(CInlineAction), Array)
#9 A:\libs\yii\framework\web\CWebApplication.php(282): CController->run('')
#10 A:\libs\yii\framework\web\CWebApplication.php(141): CWebApplication->runController('user/install')
#11 A:\libs\yii\framework\base\CApplication.php(184): CWebApplication->processRequest()
#12 A:\www\yiiuauth\index.php(13): CApplication->run()
#13 {main}
REQUEST_URI=/index.php?r=user/install
HTTP_REFERER=http://yiiuauth/index.php
---
2014/06/20 23:10:44 [error] [system.db.CDbCommand] CDbCommand::fetchAll() failed: SQLSTATE[42S02]: Base table or view not found: 1146 Table 'yiiauth.user' doesn't exist. The SQL statement executed was: SHOW FULL COLUMNS FROM `user`.
in A:\www\yiiuauth\protected\views\layouts\main.php (18)
in A:\www\yiiuauth\protected\views\layouts\column1.php (6)
in A:\www\yiiuauth\protected\controllers\SiteController.php (32)
2014/06/20 23:10:48 [error] [exception.CHttpException.500] exception 'CHttpException' with message 'Please set a table prefix, at least '', to your db configuration for yii-user-management to work.' in A:\www\yiiuauth\protected\modules\user\controllers\YumInstallController.php:42
Stack trace:
#0 A:\libs\yii\framework\web\actions\CInlineAction.php(49): YumInstallController->actionInstall()
#1 A:\libs\yii\framework\web\CController.php(308): CInlineAction->runWithParams(Array)
#2 A:\libs\yii\framework\web\filters\CFilterChain.php(133): CController->runAction(Object(CInlineAction))
#3 A:\libs\yii\framework\web\filters\CFilter.php(40): CFilterChain->run()
#4 A:\libs\yii\framework\web\CController.php(1145): CFilter->filter(Object(CFilterChain))
#5 A:\libs\yii\framework\web\filters\CInlineFilter.php(58): CController->filterAccessControl(Object(CFilterChain))
#6 A:\libs\yii\framework\web\filters\CFilterChain.php(130): CInlineFilter->filter(Object(CFilterChain))
#7 A:\libs\yii\framework\web\CController.php(291): CFilterChain->run()
#8 A:\libs\yii\framework\web\CController.php(265): CController->runActionWithFilters(Object(CInlineAction), Array)
#9 A:\libs\yii\framework\web\CWebApplication.php(282): CController->run('')
#10 A:\libs\yii\framework\web\CWebApplication.php(141): CWebApplication->runController('user/install')
#11 A:\libs\yii\framework\base\CApplication.php(184): CWebApplication->processRequest()
#12 A:\www\yiiuauth\index.php(13): CApplication->run()
#13 {main}
REQUEST_URI=/index.php?r=user/install
HTTP_REFERER=http://yiiuauth/index.php
---
2014/06/20 23:10:48 [error] [system.db.CDbCommand] CDbCommand::fetchAll() failed: SQLSTATE[42S02]: Base table or view not found: 1146 Table 'yiiauth.user' doesn't exist. The SQL statement executed was: SHOW FULL COLUMNS FROM `user`.
in A:\www\yiiuauth\protected\views\layouts\main.php (18)
in A:\www\yiiuauth\protected\views\layouts\column1.php (6)
in A:\www\yiiuauth\protected\controllers\SiteController.php (45)
2014/06/20 23:12:54 [error] [system.db.CDbCommand] CDbCommand::fetchAll() failed: SQLSTATE[42S02]: Base table or view not found: 1146 Table 'yiiauth.user' doesn't exist. The SQL statement executed was: SHOW FULL COLUMNS FROM `user`.
in A:\www\yiiuauth\protected\modules\user\controllers\YumInstallController.php (404)
in A:\www\yiiuauth\index.php (13)
2014/06/20 23:12:54 [error] [system.db.CDbCommand] CDbCommand::fetchAll() failed: SQLSTATE[42S02]: Base table or view not found: 1146 Table 'yiiauth.user' doesn't exist. The SQL statement executed was: SHOW FULL COLUMNS FROM `user`.
in A:\www\yiiuauth\protected\views\layouts\main.php (18)
in A:\www\yiiuauth\protected\modules\user\views\layouts\yum.php (18)
in A:\www\yiiuauth\protected\modules\user\controllers\YumInstallController.php (425)
2014/06/20 23:13:15 [error] [system.db.CDbCommand] CDbCommand::fetchAll() failed: SQLSTATE[42S02]: Base table or view not found: 1146 Table 'yiiauth.user' doesn't exist. The SQL statement executed was: SHOW FULL COLUMNS FROM `user`.
in A:\www\yiiuauth\protected\modules\user\controllers\YumInstallController.php (404)
in A:\www\yiiuauth\index.php (13)
2014/06/20 23:13:15 [error] [system.db.CDbCommand] CDbCommand::fetchAll() failed: SQLSTATE[42S02]: Base table or view not found: 1146 Table 'yiiauth.user' doesn't exist. The SQL statement executed was: SHOW FULL COLUMNS FROM `user`.
in A:\www\yiiuauth\protected\views\layouts\main.php (18)
in A:\www\yiiuauth\protected\modules\user\views\layouts\yum.php (18)
in A:\www\yiiuauth\protected\modules\user\controllers\YumInstallController.php (425)
2014/06/20 23:13:20 [error] [system.db.CDbCommand] CDbCommand::fetchAll() failed: SQLSTATE[42S02]: Base table or view not found: 1146 Table 'yiiauth.user' doesn't exist. The SQL statement executed was: SHOW FULL COLUMNS FROM `user`.
in A:\www\yiiuauth\protected\views\layouts\main.php (18)
in A:\www\yiiuauth\protected\views\layouts\column1.php (6)
in A:\www\yiiuauth\protected\controllers\SiteController.php (32)
2014/06/20 23:13:24 [error] [system.db.CDbCommand] CDbCommand::fetchAll() failed: SQLSTATE[42S02]: Base table or view not found: 1146 Table 'yiiauth.user' doesn't exist. The SQL statement executed was: SHOW FULL COLUMNS FROM `user`.
in A:\www\yiiuauth\protected\modules\user\controllers\YumInstallController.php (404)
in A:\www\yiiuauth\index.php (13)
2014/06/20 23:13:24 [error] [system.db.CDbCommand] CDbCommand::fetchAll() failed: SQLSTATE[42S02]: Base table or view not found: 1146 Table 'yiiauth.user' doesn't exist. The SQL statement executed was: SHOW FULL COLUMNS FROM `user`.
in A:\www\yiiuauth\protected\views\layouts\main.php (18)
in A:\www\yiiuauth\protected\modules\user\views\layouts\yum.php (18)
in A:\www\yiiuauth\protected\modules\user\controllers\YumInstallController.php (425)
2014/06/20 23:23:57 [error] [php] include(YumRole.php) [<a href='function.include'>function.include</a>]: failed to open stream: No such file or directory (A:\libs\yii\framework\YiiBase.php:432)
Stack trace:
#0 A:\www\yiiuauth\protected\modules\user\views\user\admin.php(82): spl_autoload_call()
#1 A:\libs\yii\framework\web\CBaseController.php(126): require()
#2 A:\libs\yii\framework\web\CBaseController.php(95): YumUserController->renderInternal()
#3 A:\libs\yii\framework\web\CController.php(869): YumUserController->renderFile()
#4 A:\libs\yii\framework\web\CController.php(782): YumUserController->renderPartial()
#5 A:\www\yiiuauth\protected\modules\user\controllers\YumUserController.php(399): YumUserController->render()
#6 A:\libs\yii\framework\web\actions\CInlineAction.php(49): YumUserController->actionAdmin()
#7 A:\libs\yii\framework\web\CController.php(308): CInlineAction->runWithParams()
#8 A:\libs\yii\framework\web\filters\CFilterChain.php(133): YumUserController->runAction()
#9 A:\libs\yii\framework\web\filters\CFilter.php(40): CFilterChain->run()
#10 A:\libs\yii\framework\web\CController.php(1145): CAccessControlFilter->filter()
#11 A:\libs\yii\framework\web\filters\CInlineFilter.php(58): YumUserController->filterAccessControl()
#12 A:\libs\yii\framework\web\filters\CFilterChain.php(130): CInlineFilter->filter()
#13 A:\libs\yii\framework\web\CController.php(291): CFilterChain->run()
#14 A:\libs\yii\framework\web\CController.php(265): YumUserController->runActionWithFilters()
#15 A:\libs\yii\framework\web\CWebApplication.php(282): YumUserController->run()
#16 A:\libs\yii\framework\web\CWebApplication.php(141): CWebApplication->runController()
#17 A:\libs\yii\framework\base\CApplication.php(184): CWebApplication->processRequest()
#18 A:\www\yiiuauth\index.php(13): CWebApplication->run()
REQUEST_URI=/index.php?r=user/user/admin
in A:\www\yiiuauth\protected\modules\user\views\user\admin.php (82)
in A:\www\yiiuauth\protected\modules\user\controllers\YumUserController.php (399)
in A:\www\yiiuauth\index.php (13)
2014/06/20 23:24:19 [error] [php] include(YumRole.php) [<a href='function.include'>function.include</a>]: failed to open stream: No such file or directory (A:\libs\yii\framework\YiiBase.php:432)
Stack trace:
#0 A:\www\yiiuauth\protected\modules\user\views\user\admin.php(82): spl_autoload_call()
#1 A:\libs\yii\framework\web\CBaseController.php(126): require()
#2 A:\libs\yii\framework\web\CBaseController.php(95): YumUserController->renderInternal()
#3 A:\libs\yii\framework\web\CController.php(869): YumUserController->renderFile()
#4 A:\libs\yii\framework\web\CController.php(782): YumUserController->renderPartial()
#5 A:\www\yiiuauth\protected\modules\user\controllers\YumUserController.php(399): YumUserController->render()
#6 A:\libs\yii\framework\web\actions\CInlineAction.php(49): YumUserController->actionAdmin()
#7 A:\libs\yii\framework\web\CController.php(308): CInlineAction->runWithParams()
#8 A:\libs\yii\framework\web\filters\CFilterChain.php(133): YumUserController->runAction()
#9 A:\libs\yii\framework\web\filters\CFilter.php(40): CFilterChain->run()
#10 A:\libs\yii\framework\web\CController.php(1145): CAccessControlFilter->filter()
#11 A:\libs\yii\framework\web\filters\CInlineFilter.php(58): YumUserController->filterAccessControl()
#12 A:\libs\yii\framework\web\filters\CFilterChain.php(130): CInlineFilter->filter()
#13 A:\libs\yii\framework\web\CController.php(291): CFilterChain->run()
#14 A:\libs\yii\framework\web\CController.php(265): YumUserController->runActionWithFilters()
#15 A:\libs\yii\framework\web\CWebApplication.php(282): YumUserController->run()
#16 A:\libs\yii\framework\web\CWebApplication.php(141): CWebApplication->runController()
#17 A:\libs\yii\framework\base\CApplication.php(184): CWebApplication->processRequest()
#18 A:\www\yiiuauth\index.php(13): CWebApplication->run()
REQUEST_URI=/index.php?r=user/user/admin
in A:\www\yiiuauth\protected\modules\user\views\user\admin.php (82)
in A:\www\yiiuauth\protected\modules\user\controllers\YumUserController.php (399)
in A:\www\yiiuauth\index.php (13)
2014/06/20 23:24:37 [error] [exception.CHttpException.500] exception 'CHttpException' with message 'Generation of Demo users only allowed in debug mode' in A:\www\yiiuauth\protected\modules\user\controllers\YumUserController.php:54
Stack trace:
#0 A:\libs\yii\framework\web\actions\CInlineAction.php(49): YumUserController->actionGenerateData()
#1 A:\libs\yii\framework\web\CController.php(308): CInlineAction->runWithParams(Array)
#2 A:\libs\yii\framework\web\filters\CFilterChain.php(133): CController->runAction(Object(CInlineAction))
#3 A:\libs\yii\framework\web\filters\CFilter.php(40): CFilterChain->run()
#4 A:\libs\yii\framework\web\CController.php(1145): CFilter->filter(Object(CFilterChain))
#5 A:\libs\yii\framework\web\filters\CInlineFilter.php(58): CController->filterAccessControl(Object(CFilterChain))
#6 A:\libs\yii\framework\web\filters\CFilterChain.php(130): CInlineFilter->filter(Object(CFilterChain))
#7 A:\libs\yii\framework\web\CController.php(291): CFilterChain->run()
#8 A:\libs\yii\framework\web\CController.php(265): CController->runActionWithFilters(Object(CInlineAction), Array)
#9 A:\libs\yii\framework\web\CWebApplication.php(282): CController->run('generateData')
#10 A:\libs\yii\framework\web\CWebApplication.php(141): CWebApplication->runController('user/user/gener...')
#11 A:\libs\yii\framework\base\CApplication.php(184): CWebApplication->processRequest()
#12 A:\www\yiiuauth\index.php(13): CApplication->run()
#13 {main}
REQUEST_URI=/index.php?r=user/user/generateData
HTTP_REFERER=http://yiiuauth/index.php?r=user/statistics/index
---
2014/06/20 23:30:40 [error] [php] include(YumRole.php) [<a href='function.include'>function.include</a>]: failed to open stream: No such file or directory (A:\libs\yii\framework\YiiBase.php:432)
Stack trace:
#0 A:\www\yiiuauth\protected\modules\user\views\user\_form.php(62): spl_autoload_call()
#1 A:\libs\yii\framework\web\CBaseController.php(126): require()
#2 A:\libs\yii\framework\web\CBaseController.php(95): YumUserController->renderInternal()
#3 A:\libs\yii\framework\web\CController.php(869): YumUserController->renderFile()
#4 A:\www\yiiuauth\protected\modules\user\views\user\create.php(11): YumUserController->renderPartial()
#5 A:\libs\yii\framework\web\CBaseController.php(126): require()
#6 A:\libs\yii\framework\web\CBaseController.php(95): YumUserController->renderInternal()
#7 A:\libs\yii\framework\web\CController.php(869): YumUserController->renderFile()
#8 A:\libs\yii\framework\web\CController.php(782): YumUserController->renderPartial()
#9 A:\www\yiiuauth\protected\modules\user\controllers\YumUserController.php(248): YumUserController->render()
#10 A:\libs\yii\framework\web\actions\CInlineAction.php(49): YumUserController->actionCreate()
#11 A:\libs\yii\framework\web\CController.php(308): CInlineAction->runWithParams()
#12 A:\libs\yii\framework\web\filters\CFilterChain.php(133): YumUserController->runAction()
#13 A:\libs\yii\framework\web\filters\CFilter.php(40): CFilterChain->run()
#14 A:\libs\yii\framework\web\CController.php(1145): CAccessControlFilter->filter()
#15 A:\libs\yii\framework\web\filters\CInlineFilter.php(58): YumUserController->filterAccessControl()
#16 A:\libs\yii\framework\web\filters\CFilterChain.php(130): CInlineFilter->filter()
#17 A:\libs\yii\framework\web\CController.php(291): CFilterChain->run()
#18 A:\libs\yii\framework\web\CController.php(265): YumUserController->runActionWithFilters()
#19 A:\libs\yii\framework\web\CWebApplication.php(282): YumUserController->run()
#20 A:\libs\yii\framework\web\CWebApplication.php(141): CWebApplication->runController()
#21 A:\libs\yii\framework\base\CApplication.php(184): CWebApplication->processRequest()
#22 A:\www\yiiuauth\index.php(13): CWebApplication->run()
REQUEST_URI=/index.php?r=user/user/create
in A:\www\yiiuauth\protected\modules\user\views\user\_form.php (62)
in A:\www\yiiuauth\protected\modules\user\views\user\create.php (11)
in A:\www\yiiuauth\protected\modules\user\controllers\YumUserController.php (248)
